07-27-2016 @ 05:32:42 - Queuing 2.6.0 - wc_update_260_options
07-27-2016 @ 05:32:42 - Queuing 2.6.0 - wc_update_260_termmeta
07-27-2016 @ 05:32:42 - Queuing 2.6.0 - wc_update_260_zones
07-27-2016 @ 05:32:42 - Queuing 2.6.0 - wc_update_260_zone_methods
07-27-2016 @ 05:32:42 - Queuing 2.6.0 - wc_update_260_refunds
07-27-2016 @ 05:32:42 - Queuing 2.6.0 - wc_update_260_db_version
07-27-2016 @ 05:32:42 - Running wc_update_260_options callback
07-27-2016 @ 05:32:42 - Finished wc_update_260_options callback
07-27-2016 @ 05:32:42 - Running wc_update_260_termmeta callback
07-27-2016 @ 05:32:42 - Finished wc_update_260_termmeta callback
07-27-2016 @ 05:32:42 - Running wc_update_260_zones callback
07-27-2016 @ 05:32:42 - Finished wc_update_260_zones callback
07-27-2016 @ 05:32:42 - Running wc_update_260_zone_methods callback
07-27-2016 @ 05:32:42 - Finished wc_update_260_zone_methods callback
07-27-2016 @ 05:32:42 - Running wc_update_260_refunds callback
07-27-2016 @ 05:32:42 - Finished wc_update_260_refunds callback
07-27-2016 @ 05:32:42 - Running wc_update_260_db_version callback
07-27-2016 @ 05:32:42 - Finished wc_update_260_db_version callback
07-27-2016 @ 05:32:42 - Data update complete
2017-11-09T07:20:18+00:00 INFO Queuing 3.0.0 - wc_update_300_webhooks
2017-11-09T07:20:18+00:00 INFO Queuing 3.0.0 - wc_update_300_grouped_products
2017-11-09T07:20:18+00:00 INFO Queuing 3.0.0 - wc_update_300_settings
2017-11-09T07:20:18+00:00 INFO Queuing 3.0.0 - wc_update_300_product_visibility
2017-11-09T07:20:18+00:00 INFO Queuing 3.0.0 - wc_update_300_db_version
2017-11-09T07:20:18+00:00 INFO Queuing 3.1.0 - wc_update_310_downloadable_products
2017-11-09T07:20:18+00:00 INFO Queuing 3.1.0 - wc_update_310_old_comments
2017-11-09T07:20:18+00:00 INFO Queuing 3.1.0 - wc_update_310_db_version
2017-11-09T07:20:18+00:00 INFO Queuing 3.1.2 - wc_update_312_shop_manager_capabilities
2017-11-09T07:20:18+00:00 INFO Queuing 3.1.2 - wc_update_312_db_version
2017-11-09T07:20:18+00:00 INFO Queuing 3.2.0 - wc_update_320_mexican_states
2017-11-09T07:20:18+00:00 INFO Queuing 3.2.0 - wc_update_320_db_version
2017-11-09T07:30:55+00:00 INFO Queuing 3.0.0 - wc_update_300_webhooks
2017-11-09T07:30:55+00:00 INFO Queuing 3.0.0 - wc_update_300_grouped_products
2017-11-09T07:30:55+00:00 INFO Queuing 3.0.0 - wc_update_300_settings
2017-11-09T07:30:55+00:00 INFO Queuing 3.0.0 - wc_update_300_product_visibility
2017-11-09T07:30:55+00:00 INFO Queuing 3.0.0 - wc_update_300_db_version
2017-11-09T07:30:55+00:00 INFO Queuing 3.1.0 - wc_update_310_downloadable_products
2017-11-09T07:30:55+00:00 INFO Queuing 3.1.0 - wc_update_310_old_comments
2017-11-09T07:30:55+00:00 INFO Queuing 3.1.0 - wc_update_310_db_version
2017-11-09T07:30:55+00:00 INFO Queuing 3.1.2 - wc_update_312_shop_manager_capabilities
2017-11-09T07:30:55+00:00 INFO Queuing 3.1.2 - wc_update_312_db_version
2017-11-09T07:30:55+00:00 INFO Queuing 3.2.0 - wc_update_320_mexican_states
2017-11-09T07:30:55+00:00 INFO Queuing 3.2.0 - wc_update_320_db_version
2017-11-09T08:04:41+00:00 INFO Running wc_update_300_webhooks callback
2017-11-09T08:04:41+00:00 INFO Finished wc_update_300_webhooks callback
2017-11-09T08:04:41+00:00 INFO Running wc_update_300_grouped_products callback
2017-11-09T08:04:41+00:00 INFO Finished wc_update_300_grouped_products callback
2017-11-09T08:04:41+00:00 INFO Running wc_update_300_settings callback
2017-11-09T08:04:41+00:00 INFO Finished wc_update_300_settings callback
2017-11-09T08:04:41+00:00 INFO Running wc_update_300_product_visibility callback
2017-11-09T08:04:41+00:00 INFO Finished wc_update_300_product_visibility callback
2017-11-09T08:04:41+00:00 INFO Running wc_update_300_db_version callback
2017-11-09T08:04:41+00:00 INFO Finished wc_update_300_db_version callback
2017-11-09T08:04:41+00:00 INFO Running wc_update_310_downloadable_products callback
2017-11-09T08:04:41+00:00 INFO Finished wc_update_310_downloadable_products callback
2017-11-09T08:04:41+00:00 INFO Running wc_update_310_old_comments callback
2017-11-09T08:04:41+00:00 INFO Finished wc_update_310_old_comments callback
2017-11-09T08:04:41+00:00 INFO Running wc_update_310_db_version callback
2017-11-09T08:04:41+00:00 INFO Finished wc_update_310_db_version callback
2017-11-09T08:04:41+00:00 INFO Running wc_update_312_shop_manager_capabilities callback
2017-11-09T08:04:41+00:00 INFO Finished wc_update_312_shop_manager_capabilities callback
2017-11-09T08:04:41+00:00 INFO Running wc_update_312_db_version callback
2017-11-09T08:04:41+00:00 INFO Finished wc_update_312_db_version callback
2017-11-09T08:04:41+00:00 INFO Running wc_update_320_mexican_states callback
2017-11-09T08:04:41+00:00 INFO Finished wc_update_320_mexican_states callback
2017-11-09T08:04:41+00:00 INFO Running wc_update_320_db_version callback
2017-11-09T08:04:41+00:00 INFO Finished wc_update_320_db_version callback
2017-11-09T08:04:41+00:00 INFO Running wc_update_300_webhooks callback
2017-11-09T08:04:41+00:00 INFO Finished wc_update_300_webhooks callback
2017-11-09T08:04:41+00:00 INFO Running wc_update_300_grouped_products callback
2017-11-09T08:04:41+00:00 INFO Finished wc_update_300_grouped_products callback
2017-11-09T08:04:41+00:00 INFO Running wc_update_300_settings callback
2017-11-09T08:04:41+00:00 INFO Finished wc_update_300_settings callback
2017-11-09T08:04:41+00:00 INFO Running wc_update_300_product_visibility callback
2017-11-09T08:04:41+00:00 INFO Finished wc_update_300_product_visibility callback
2017-11-09T08:04:41+00:00 INFO Running wc_update_300_db_version callback
2017-11-09T08:04:41+00:00 INFO Finished wc_update_300_db_version callback
2017-11-09T08:04:41+00:00 INFO Running wc_update_310_downloadable_products callback
2017-11-09T08:04:41+00:00 INFO Finished wc_update_310_downloadable_products callback
2017-11-09T08:04:41+00:00 INFO Running wc_update_310_old_comments callback
2017-11-09T08:04:41+00:00 INFO Finished wc_update_310_old_comments callback
2017-11-09T08:04:41+00:00 INFO Running wc_update_310_db_version callback
2017-11-09T08:04:41+00:00 INFO Finished wc_update_310_db_version callback
2017-11-09T08:04:41+00:00 INFO Running wc_update_312_shop_manager_capabilities callback
2017-11-09T08:04:41+00:00 INFO Finished wc_update_312_shop_manager_capabilities callback
2017-11-09T08:04:41+00:00 INFO Running wc_update_312_db_version callback
2017-11-09T08:04:41+00:00 INFO Finished wc_update_312_db_version callback
2017-11-09T08:04:41+00:00 INFO Running wc_update_320_mexican_states callback
2017-11-09T08:04:41+00:00 INFO Finished wc_update_320_mexican_states callback
2017-11-09T08:04:41+00:00 INFO Running wc_update_320_db_version callback
2017-11-09T08:04:41+00:00 INFO Finished wc_update_320_db_version callback
2017-11-09T08:04:41+00:00 INFO Data update complete
2017-11-21T10:34:50+00:00 INFO Queuing 3.0.0 - wc_update_300_webhooks
2017-11-21T10:34:50+00:00 INFO Queuing 3.0.0 - wc_update_300_grouped_products
2017-11-21T10:34:50+00:00 INFO Queuing 3.0.0 - wc_update_300_settings
2017-11-21T10:34:50+00:00 INFO Queuing 3.0.0 - wc_update_300_product_visibility
2017-11-21T10:34:50+00:00 INFO Queuing 3.0.0 - wc_update_300_db_version
2017-11-21T10:34:50+00:00 INFO Queuing 3.1.0 - wc_update_310_downloadable_products
2017-11-21T10:34:50+00:00 INFO Queuing 3.1.0 - wc_update_310_old_comments
2017-11-21T10:34:50+00:00 INFO Queuing 3.1.0 - wc_update_310_db_version
2017-11-21T10:34:50+00:00 INFO Queuing 3.1.2 - wc_update_312_shop_manager_capabilities
2017-11-21T10:34:50+00:00 INFO Queuing 3.1.2 - wc_update_312_db_version
2017-11-21T10:34:50+00:00 INFO Queuing 3.2.0 - wc_update_320_mexican_states
2017-11-21T10:34:50+00:00 INFO Queuing 3.2.0 - wc_update_320_db_version
2017-11-21T10:35:01+00:00 INFO Running wc_update_300_webhooks callback
2017-11-21T10:35:01+00:00 INFO Finished wc_update_300_webhooks callback
2017-11-21T10:35:01+00:00 INFO Running wc_update_300_grouped_products callback
2017-11-21T10:35:01+00:00 INFO Finished wc_update_300_grouped_products callback
2017-11-21T10:35:01+00:00 INFO Running wc_update_300_settings callback
2017-11-21T10:35:01+00:00 INFO Finished wc_update_300_settings callback
2017-11-21T10:35:01+00:00 INFO Running wc_update_300_product_visibility callback
2017-11-21T10:35:01+00:00 INFO Finished wc_update_300_product_visibility callback
2017-11-21T10:35:01+00:00 INFO Running wc_update_300_db_version callback
2017-11-21T10:35:01+00:00 INFO Finished wc_update_300_db_version callback
2017-11-21T10:35:01+00:00 INFO Running wc_update_310_downloadable_products callback
2017-11-21T10:35:01+00:00 INFO Finished wc_update_310_downloadable_products callback
2017-11-21T10:35:01+00:00 INFO Running wc_update_310_old_comments callback
2017-11-21T10:35:01+00:00 INFO Finished wc_update_310_old_comments callback
2017-11-21T10:35:01+00:00 INFO Running wc_update_310_db_version callback
2017-11-21T10:35:01+00:00 INFO Finished wc_update_310_db_version callback
2017-11-21T10:35:01+00:00 INFO Running wc_update_312_shop_manager_capabilities callback
2017-11-21T10:35:01+00:00 INFO Finished wc_update_312_shop_manager_capabilities callback
2017-11-21T10:35:01+00:00 INFO Running wc_update_312_db_version callback
2017-11-21T10:35:01+00:00 INFO Finished wc_update_312_db_version callback
2017-11-21T10:35:01+00:00 INFO Running wc_update_320_mexican_states callback
2017-11-21T10:35:01+00:00 INFO Finished wc_update_320_mexican_states callback
2017-11-21T10:35:01+00:00 INFO Running wc_update_320_db_version callback
2017-11-21T10:35:01+00:00 INFO Finished wc_update_320_db_version callback
2017-11-21T10:35:01+00:00 INFO Data update complete
2017-11-22T11:22:00+00:00 INFO Queuing 3.0.0 - wc_update_300_webhooks
2017-11-22T11:22:00+00:00 INFO Queuing 3.0.0 - wc_update_300_grouped_products
2017-11-22T11:22:00+00:00 INFO Queuing 3.0.0 - wc_update_300_settings
2017-11-22T11:22:00+00:00 INFO Queuing 3.0.0 - wc_update_300_product_visibility
2017-11-22T11:22:00+00:00 INFO Queuing 3.0.0 - wc_update_300_db_version
2017-11-22T11:22:00+00:00 INFO Queuing 3.1.0 - wc_update_310_downloadable_products
2017-11-22T11:22:00+00:00 INFO Queuing 3.1.0 - wc_update_310_old_comments
2017-11-22T11:22:00+00:00 INFO Queuing 3.1.0 - wc_update_310_db_version
2017-11-22T11:22:00+00:00 INFO Queuing 3.1.2 - wc_update_312_shop_manager_capabilities
2017-11-22T11:22:00+00:00 INFO Queuing 3.1.2 - wc_update_312_db_version
2017-11-22T11:22:00+00:00 INFO Queuing 3.2.0 - wc_update_320_mexican_states
2017-11-22T11:22:00+00:00 INFO Queuing 3.2.0 - wc_update_320_db_version
2017-11-22T11:22:24+00:00 INFO Running wc_update_300_webhooks callback
2017-11-22T11:22:24+00:00 INFO Finished wc_update_300_webhooks callback
2017-11-22T11:22:24+00:00 INFO Running wc_update_300_grouped_products callback
2017-11-22T11:22:24+00:00 INFO Finished wc_update_300_grouped_products callback
2017-11-22T11:22:24+00:00 INFO Running wc_update_300_settings callback
2017-11-22T11:22:24+00:00 INFO Finished wc_update_300_settings callback
2017-11-22T11:22:24+00:00 INFO Running wc_update_300_product_visibility callback
2017-11-22T11:22:24+00:00 INFO Finished wc_update_300_product_visibility callback
2017-11-22T11:22:24+00:00 INFO Running wc_update_300_db_version callback
2017-11-22T11:22:24+00:00 INFO Finished wc_update_300_db_version callback
2017-11-22T11:22:24+00:00 INFO Running wc_update_310_downloadable_products callback
2017-11-22T11:22:24+00:00 INFO Finished wc_update_310_downloadable_products callback
2017-11-22T11:22:24+00:00 INFO Running wc_update_310_old_comments callback
2017-11-22T11:22:24+00:00 INFO Finished wc_update_310_old_comments callback
2017-11-22T11:22:24+00:00 INFO Running wc_update_310_db_version callback
2017-11-22T11:22:24+00:00 INFO Finished wc_update_310_db_version callback
2017-11-22T11:22:24+00:00 INFO Running wc_update_312_shop_manager_capabilities callback
2017-11-22T11:22:24+00:00 INFO Finished wc_update_312_shop_manager_capabilities callback
2017-11-22T11:22:24+00:00 INFO Running wc_update_312_db_version callback
2017-11-22T11:22:24+00:00 INFO Finished wc_update_312_db_version callback
2017-11-22T11:22:24+00:00 INFO Running wc_update_320_mexican_states callback
2017-11-22T11:22:25+00:00 INFO Finished wc_update_320_mexican_states callback
2017-11-22T11:22:25+00:00 INFO Running wc_update_320_db_version callback
2017-11-22T11:22:25+00:00 INFO Finished wc_update_320_db_version callback
2017-11-22T11:22:25+00:00 INFO Data update complete
